#
# There is insufficient memory for the Java Runtime Environment to continue.
# Native memory allocation (malloc) failed to allocate 1048576 bytes for AllocateHeap
# Possible reasons:
#   The system is out of physical RAM or swap space
#   In 32 bit mode, the process size limit was hit
# Possible solutions:
#   Reduce memory load on the system
#   Increase physical memory or swap space
#   Check if swap backing store is full
#   Use 64 bit Java on a 64 bit OS
#   Decrease Java heap size (-Xmx/-Xms)
#   Decrease number of Java threads
#   Decrease Java thread stack sizes (-Xss)
#   Set larger code cache with -XX:ReservedCodeCacheSize=
# This output file may be truncated or incomplete.
#
#  Out of Memory Error (memory/allocation.inline.hpp:61), pid=3040, tid=7308
#
# JRE version:  (7.0_79-b15) (build )
# Java VM: Java HotSpot(TM) 64-Bit Server VM (24.79-b02 mixed mode windows-amd64 compressed oops)
# Failed to write core dump. Minidumps are not enabled by default on client versions of Windows
#

---------------  T H R E A D  ---------------

Current thread (0x0000000002010800):  JavaThread "Unknown thread" [_thread_in_vm, id=7308, stack(0x0000000001f10000,0x0000000002010000)]

Stack: [0x0000000001f10000,0x0000000002010000]

---------------  P R O C E S S  ---------------

Java Threads: ( => current thread )

Other Threads:

=>0x0000000002010800 (exited) JavaThread "Unknown thread" [_thread_in_vm, id=7308, stack(0x0000000001f10000,0x0000000002010000)]

VM state:not at safepoint (normal execution)

VM Mutex/Monitor currently owned by a thread: None

Heap
 PSYoungGen      total 18944K, used 327K [0x00000000eaa80000, 0x00000000ebf80000, 0x0000000100000000)
  eden space 16384K, 2% used [0x00000000eaa80000,0x00000000eaad1f10,0x00000000eba80000)
  from space 2560K, 0% used [0x00000000ebd00000,0x00000000ebd00000,0x00000000ebf80000)
  to   space 2560K, 0% used [0x00000000eba80000,0x00000000eba80000,0x00000000ebd00000)
 ParOldGen       total 42496K, used 0K [0x00000000c0000000, 0x00000000c2980000, 0x00000000eaa80000)
  object space 42496K, 0% used [0x00000000c0000000,0x00000000c0000000,0x00000000c2980000)
 PSPermGen       total 21504K, used 697K [0x00000000bae00000, 0x00000000bc300000, 0x00000000c0000000)
  object space 21504K, 3% used [0x00000000bae00000,0x00000000baeae588,0x00000000bc300000)

Card table byte_map: [0x0000000005110000,0x0000000005340000] byte_map_base: 0x0000000004b39000

Polling page: 0x00000000005c0000

Code Cache  [0x0000000002110000, 0x0000000002380000, 0x0000000005110000)
 total_blobs=38 nmethods=0 adapters=20 free_code_cache=48889Kb largest_free_block=50062528

Compilation events (0 events):
No events

GC Heap History (0 events):
No events

Deoptimization events (0 events):
No events

Internal exceptions (0 events):
No events

Events (10 events):
Event: 0.046 loading class 0x0000000002057150
Event: 0.046 loading class 0x0000000002057150 done
Event: 0.046 loading class 0x00000000020571a0
Event: 0.046 loading class 0x00000000020571a0 done
Event: 0.046 loading class 0x00000000020571f0
Event: 0.046 loading class 0x00000000020571f0 done
Event: 0.048 loading class 0x0000000002057f70
Event: 0.048 loading class 0x0000000002057f70 done
Event: 0.048 loading class 0x0000000002057b90
Event: 0.048 loading class 0x0000000002057b90 done


Dynamic libraries:
0x00007ff7c3990000 - 0x00007ff7c39c3000 	C:\Program Files\Java\jdk1.7.0_79\bin\java.exe
0x00007ffadffa0000 - 0x00007ffae014d000 	C:\WINDOWS\SYSTEM32\ntdll.dll
0x00007ffaded50000 - 0x00007ffadee8e000 	C:\WINDOWS\system32\KERNEL32.DLL
0x00007ffadd3a0000 - 0x00007ffadd4b5000 	C:\WINDOWS\system32\KERNELBASE.dll
0x00007ffadbc90000 - 0x00007ffadbd1e000 	C:\WINDOWS\system32\apphelp.dll
0x00007ffad2390000 - 0x00007ffad23e3000 	C:\WINDOWS\AppPatch\AppPatch64\AcGenral.DLL
0x00007ffadf4a0000 - 0x00007ffadf54a000 	C:\WINDOWS\system32\msvcrt.dll
0x00007ffadcf20000 - 0x00007ffadcf4e000 	C:\WINDOWS\SYSTEM32\SspiCli.dll
0x00007ffadf400000 - 0x00007ffadf454000 	C:\WINDOWS\system32\SHLWAPI.dll
0x00007ffadebd0000 - 0x00007ffaded47000 	C:\WINDOWS\system32\USER32.dll
0x00007ffadf040000 - 0x00007ffadf1d4000 	C:\WINDOWS\system32\ole32.dll
0x00007ffadd620000 - 0x00007ffadeb4a000 	C:\WINDOWS\system32\SHELL32.dll
0x00007ffadc690000 - 0x00007ffadc6b1000 	C:\WINDOWS\SYSTEM32\USERENV.dll
0x00007ffadf9d0000 - 0x00007ffadfa7a000 	C:\WINDOWS\system32\ADVAPI32.dll
0x00007ffad4e50000 - 0x00007ffad4e6e000 	C:\WINDOWS\SYSTEM32\MPR.dll
0x00007ffadfd10000 - 0x00007ffadfe51000 	C:\WINDOWS\system32\RPCRT4.dll
0x00007ffadf970000 - 0x00007ffadf9c9000 	C:\WINDOWS\SYSTEM32\sechost.dll
0x00007ffadf1e0000 - 0x00007ffadf3f1000 	C:\WINDOWS\SYSTEM32\combase.dll
0x00007ffadf820000 - 0x00007ffadf970000 	C:\WINDOWS\system32\GDI32.dll
0x00007ffadd0f0000 - 0x00007ffadd105000 	C:\WINDOWS\SYSTEM32\profapi.dll
0x00007ffadb660000 - 0x00007ffadb712000 	C:\WINDOWS\SYSTEM32\SHCORE.dll
0x00007ffadf460000 - 0x00007ffadf496000 	C:\WINDOWS\system32\IMM32.DLL
0x00007ffadfa80000 - 0x00007ffadfbd2000 	C:\WINDOWS\system32\MSCTF.dll
0x00007ffadadd0000 - 0x00007ffadb04b000 	C:\WINDOWS\WinSxS\amd64_microsoft.windows.common-controls_6595b64144ccf1df_6.0.9600.18006_none_623f33d3ecbe86e8\COMCTL32.dll
0x000000005a7d0000 - 0x000000005a8a2000 	C:\Program Files\Java\jdk1.7.0_79\jre\bin\msvcr100.dll
0x000000005ad30000 - 0x000000005b505000 	C:\Program Files\Java\jdk1.7.0_79\jre\bin\server\jvm.dll
0x00007ffad4c80000 - 0x00007ffad4c89000 	C:\WINDOWS\SYSTEM32\WSOCK32.dll
0x00007ffad58e0000 - 0x00007ffad5902000 	C:\WINDOWS\SYSTEM32\WINMM.dll
0x00007ffadfbe0000 - 0x00007ffadfbe7000 	C:\WINDOWS\system32\PSAPI.DLL
0x00007ffadff40000 - 0x00007ffadff9a000 	C:\WINDOWS\system32\WS2_32.dll
0x00007ffad58b0000 - 0x00007ffad58da000 	C:\WINDOWS\SYSTEM32\WINMMBASE.dll
0x00007ffadf550000 - 0x00007ffadf559000 	C:\WINDOWS\system32\NSI.dll
0x00007ffadd4c0000 - 0x00007ffadd50f000 	C:\WINDOWS\SYSTEM32\cfgmgr32.dll
0x00007ffadbee0000 - 0x00007ffadbf08000 	C:\WINDOWS\SYSTEM32\DEVOBJ.dll
0x000000005b810000 - 0x000000005b81f000 	C:\Program Files\Java\jdk1.7.0_79\jre\bin\verify.dll
0x000000005ac20000 - 0x000000005ac48000 	C:\Program Files\Java\jdk1.7.0_79\jre\bin\java.dll
0x000000005ac00000 - 0x000000005ac15000 	C:\Program Files\Java\jdk1.7.0_79\jre\bin\zip.dll

VM Arguments:
jvm_args: -Djava.awt.headless=true -Xmx1024M -Dfile.encoding=windows-1252 -Duser.country=DE -Duser.language=de -Duser.variant 
java_command: com.android.dx.command.Main --dex --force-jumbo --num-threads=4 --multi-dex --output F:\_SMprj\___Yalinne\CleanAndOrder\app\build\intermediates\transforms\dex\debug\folders\1000\5\slice_9 F:\_SMprj\___Yalinne\CleanAndOrder\app\build\intermediates\transforms\instantRunSlicer\debug\folders\1\5\slice_9
Launcher Type: SUN_STANDARD

Environment Variables:
PATH=C:\Program Files (x86)\Embarcadero\RAD Studio\10.0\bin;C:\Users\Fotis\Documents\RAD Studio\10.0\Bpl;C:\Program Files (x86)\Embarcadero\RAD Studio\10.0\bin64;C:\Users\Fotis\Documents\RAD Studio\10.0\Bpl\Win64;C:\Program Files (x86)\CollabNet;C:\Program Files (x86)\Embarcadero\RAD Studio\10.0\bin;C:\Users\Public\Documents\RAD Studio\10.0\Bpl;C:\Program Files (x86)\Embarcadero\RAD Studio\10.0\bin64;C:\Users\Public\Documents\RAD Studio\10.0\Bpl\Win64;C:\WINDOWS\system32;C:\WINDOWS;C:\WINDOWS\System32\Wbem;C:\WINDOWS\System32\WindowsPowerShell\v1.0\;C:\PROGRA~2\Borland\Delphi6\Bin;C:\PROGRA~2\Borland\Delphi6\Projects\Bpl;C:\Program Files (x86)\GNU\GnuPG\pub;C:\Program Files (x86)\Microsoft SQL Server\100\Tools\Binn\;C:\Program Files\Microsoft SQL Server\100\Tools\Binn\;C:\Program Files\Microsoft SQL Server\100\DTS\Binn\;C:\xampp\php;C:\xampp\sqlite;C:\Program Files (x86)\Skype\Phone\
USERNAME=Fotis
OS=Windows_NT
PROCESSOR_IDENTIFIER=Intel64 Family 6 Model 42 Stepping 7, GenuineIntel



---------------  S Y S T E M  ---------------

OS: Windows 8.1 , 64 bit Build 9600 

CPU:total 4 (2 cores per cpu, 2 threads per core) family 6 model 42 stepping 7, cmov, cx8, fxsr, mmx, sse, sse2, sse3, ssse3, sse4.1, sse4.2, popcnt, avx, aes, ht, tsc, tscinvbit

Memory: 4k page, physical 4078764k(313240k free), swap 7224492k(5244k free)

vm_info: Java HotSpot(TM) 64-Bit Server VM (24.79-b02) for windows-amd64 JRE (1.7.0_79-b15), built on Apr 10 2015 12:36:16 by "java_re" with unknown MS VC++:1600

time: Sat Apr 30 19:02:18 2016
elapsed time: 0 seconds

